=== Material Spawner Log Started ===
[12:03:31] [I] materialSpawner: Using game vehicle system to discover vehicles for material scrap
[12:03:31] [I] materialSpawner: Found 1663 total vehicles in game system
[12:03:31] [I] materialSpawner: Discovered vehicle for scrap: autobello/junk_shell (name: Piccolina ( Junk Shell ))
[12:03:31] [I] materialSpawner: Discovered vehicle for scrap: autobello/junk_shell_alt (name: Piccolina ( Alternate Junk Shell ))
[12:03:31] [I] materialSpawner: Discovered vehicle for scrap: barstow/junk_shell (name: Barstow ( Junk Shell ))
[12:03:31] [I] materialSpawner: Discovered vehicle for scrap: barstow/junk_shell_alt (name: Barstow ( Alternative Junk Shell ))
[12:03:31] [I] materialSpawner: Discovered vehicle for scrap: bastion/junk_shell (name: Bastion ( Junk Shell ))
[12:03:31] [I] materialSpawner: Discovered vehicle for scrap: bastion/junk_shell_alt (name: Bastion ( Alternate Junk Shell ))
[12:03:31] [I] materialSpawner: Discovered vehicle for scrap: bluebuck/junk_shell (name: Bluebuck ( Junk Shell ))
[12:03:31] [I] materialSpawner: Discovered vehicle for scrap: bluebuck/junk_shell_alt (name: Bluebuck ( Alternate Junk Shell ))
[12:03:31] [I] materialSpawner: Discovered vehicle for scrap: bolide/junk_shell (name: Bolide ( Junk Shell ))
[12:03:31] [I] materialSpawner: Discovered vehicle for scrap: bolide/junk_shell_alt (name: Bolide ( Alternate Junk Shell ))
[12:03:31] [I] materialSpawner: Discovered vehicle for scrap: burnside/junk_shell (name: Special  ( Junk Shell ))
[12:03:31] [I] materialSpawner: Discovered vehicle for scrap: burnside/junk_shell_alt (name: Special  ( Alternate Junk Shell ))
[12:03:31] [I] materialSpawner: Discovered vehicle for scrap: bx/junk_shell (name: BX-Series ( Junk Shell ))
[12:03:31] [I] materialSpawner: Discovered vehicle for scrap: covet/junk_shell (name: Covet ( Junk Shell ))
[12:03:31] [I] materialSpawner: Discovered vehicle for scrap: covet/junk_shell_alt (name: Covet ( Alternate Junk Shell ))
[12:03:31] [I] materialSpawner: Discovered vehicle for scrap: etk800/junk_shell (name: 800-Series ( Junk Shell ))
[12:03:31] [I] materialSpawner: Discovered vehicle for scrap: etk800/junk_shell_alt (name: 800-Series ( Alternate Junk Shell ))
[12:03:31] [I] materialSpawner: Discovered vehicle for scrap: etkc/junk_shell (name: K-Series ( Junk Shell ))
[12:03:31] [I] materialSpawner: Discovered vehicle for scrap: etkc/junk_shell_alt (name: K-Series ( Alternate Junk Shell ))
[12:03:31] [I] materialSpawner: Discovered vehicle for scrap: etki/junk_shell (name: I-Series ( Junk Shell ))
[12:03:31] [I] materialSpawner: Discovered vehicle for scrap: fullsize/junk_shell (name: Grand Marshal ( Junk Shell ))
[12:03:31] [I] materialSpawner: Discovered vehicle for scrap: fullsize/junk_shell_alt (name: Grand Marshal ( Alternate Junk Shell ))
[12:03:31] [I] materialSpawner: Discovered vehicle for scrap: lansdale/junk_shell (name: Lansdale ( Junk Shell ))
[12:03:31] [I] materialSpawner: Discovered vehicle for scrap: lansdale/junk_shell_alt (name: Lansdale ( Alternate Junk Shell ))
[12:03:31] [I] materialSpawner: Discovered vehicle for scrap: lansdale/junk_shell_alt_2 (name: Lansdale ( Another Alternate Junk Shell ))
[12:03:31] [I] materialSpawner: Discovered vehicle for scrap: legran/junk_shell (name: LeGran ( Junk Shell ))
[12:03:31] [I] materialSpawner: Discovered vehicle for scrap: legran/junk_shell_alt (name: LeGran ( Alternate Junk Shell ))
[12:03:31] [I] materialSpawner: Discovered vehicle for scrap: midsize/junk_shell (name: Pessima ( Junk Shell ))
[12:03:31] [I] materialSpawner: Discovered vehicle for scrap: midsize/junk_shell_alt (name: Pessima ( Alternate Junk Shell ))
[12:03:31] [I] materialSpawner: Discovered vehicle for scrap: moonhawk/junk_shell (name: Moonhawk ( Junk Shell ))
[12:03:31] [I] materialSpawner: Discovered vehicle for scrap: moonhawk/junk_shell_alt (name: Moonhawk ( Alternate Junk Shell ))
[12:03:31] [I] materialSpawner: Discovered vehicle for scrap: pessima/junk_shell (name: Pessima ( Junk Shell ))
[12:03:31] [I] materialSpawner: Discovered vehicle for scrap: pickup/junk_shell (name: D/C-Series ( Junk Shell ))
[12:03:31] [I] materialSpawner: Discovered vehicle for scrap: pickup/junk_shell_alt (name: D/C-Series ( Alternate Junk Shell ))
[12:03:31] [I] materialSpawner: Discovered vehicle for scrap: roamer/junk_shell (name: Roamer ( Junk Shell ))
[12:03:31] [I] materialSpawner: Discovered vehicle for scrap: scintilla/junk_shell (name: Scintilla ( Junk Shell ))
[12:03:31] [I] materialSpawner: Discovered vehicle for scrap: sunburst2/junk_shell (name: Sunburst ( Junk Shell ))
[12:03:31] [I] materialSpawner: Discovered vehicle for scrap: sunburst2/junk_shell_alt (name: Sunburst ( Alternate Junk Shell ))
[12:03:31] [I] materialSpawner: Discovered vehicle for scrap: van/junk_shell (name: H-Series ( Junk Shell ))
[12:03:31] [I] materialSpawner: Discovered vehicle for scrap: van/junk_shell_alt (name: H-Series ( Alternate Junk Shell ))
[12:03:31] [I] materialSpawner: Discovered vehicle for scrap: vivace/junk_shell (name: FCV ( Junk Shell ))
[12:03:31] [I] materialSpawner: Discovered vehicle for scrap: vivace/junk_shell_alt (name: FCV ( Alternate Junk Shell ))
[12:03:31] [I] materialSpawner: Discovered vehicle for scrap: wendover/junk_shell (name: Wendover ( Junk Shell ))
[12:03:31] [I] materialSpawner: Discovered 43 vehicles for material scrap
[12:03:31] [I] materialSpawner: Initialized 47 spawnable materials across 1 types
[12:04:22] [I] materialSpawner: STEP 1: spawnMaterialAsProps called for scrap, amount=1, facId=joesJunkyard
[12:04:22] [I] materialSpawner: STEP 2: Inside pcall
[12:04:22] [I] materialSpawner: Selected random vehicle for scrap: scrap_bastion_junk_shell_alt (Bastion ( Alternate Junk Shell ))
[12:04:22] [I] materialSpawner: STEP 4: Material data found
[12:04:22] [I] materialSpawner: STEP 5: About to call getFacilityById(joesJunkyard)
[12:04:22] [I] materialSpawner: STEP 6: Facility found
[12:04:22] [I] materialSpawner: STEP 7: About to get spawn position
[12:04:22] [I] materialSpawner: Looking for spawn zone 'scrapLoadingZone' for facility joesJunkyard
[12:04:22] [I] materialSpawner: Found spawn zone 'scrapLoadingZone' with 4 vertices
[12:04:22] [I] materialSpawner: Using spawn zone center: vec3(211.6313667,-642.1730957,41.0581543)
[12:04:22] [I] materialSpawner: STEP 8: Spawn position: vec3(211.6313667,-642.1730957,41.0581543)
[12:04:22] [I] materialSpawner: STEP 9: Will spawn 1 props (amount=1)
[12:04:22] [I] materialSpawner: STEP 10: About to spawn 1 props
[12:04:22] [I] materialSpawner: STEP 10.1: Spawning prop 1 of 1...
[12:04:22] [I] materialSpawner: STEP 10.1.a: Calculated spawn pos: vec3(211.6313667,-642.1730957,41.0581543)
[12:04:22] [I] materialSpawner: STEP 10.1.b: About to call spawnProp...
[12:04:22] [I] materialSpawner: SPAWN_PROP: Starting spawn for scrap
[12:04:22] [I] materialSpawner: SPAWN_PROP: model_key=bastion, config=junk_shell_alt
[12:04:22] [I] materialSpawner: SPAWN_PROP: spawnPos=vec3(211.6313667,-642.1730957,41.0581543)
[12:04:22] [I] materialSpawner: SPAWN_PROP: About to call core_vehicles.spawnNewVehicle...
[12:04:24] [I] materialSpawner: SPAWN_PROP: spawnNewVehicle returned: clone15
[12:04:24] [I] materialSpawner: SPAWN_PROP: About to get prop ID...
[12:04:24] [I] materialSpawner: SPAWN_PROP: Got prop ID: 38212
[12:04:24] [I] materialSpawner: SPAWN_PROP: About to verify object exists...
[12:04:24] [I] materialSpawner: SPAWN_PROP: be:getObjectByID returned: clone15
[12:04:24] [I] materialSpawner: SPAWN_PROP: Successfully spawned prop 38212 for material scrap at vec3(211.6313667,-642.1730957,41.0581543)
[12:04:24] [I] materialSpawner: STEP 10.1.c: spawnProp pcall completed, success=true
[12:04:24] [I] materialSpawner: STEP 10.1.d: Successfully spawned prop 38212
[12:04:24] [I] materialSpawner: STEP 10.1.e: Prop spawn loop iteration 1 complete
[12:04:24] [I] materialSpawner: STEP 10.f: Finished spawning loop, spawned 1 props
[12:04:24] [I] materialSpawner: STEP 11: About to call createCargoParcelForSpawnedProps
[12:04:24] [I] materialSpawner: PARCEL STEP 1: createCargoParcelForSpawnedProps called
[12:04:24] [I] materialSpawner: PARCEL STEP 2: Dependencies check passed
[12:04:24] [I] materialSpawner: PARCEL STEP 3: About to call getMaterialsTemplatesById for base material
[12:04:24] [I] materialSpawner: PARCEL STEP 4: Material template found
[12:04:24] [I] materialSpawner: PARCEL STEP 5: About to call getFacilityById(joesJunkyard)
[12:04:24] [I] materialSpawner: PARCEL STEP 6: Facility found
[12:04:24] [I] materialSpawner: PARCEL STEP 6d: Cargo slots calculation: amount=1, slotsPerProp=256, cargoSlots=256
[12:04:24] [I] materialSpawner: PARCEL STEP 7: Generated cargoId=14649001, groupId=35321
[12:04:24] [I] materialSpawner: PARCEL STEP 8: About to call addCargo
[12:04:24] [I] materialSpawner: PARCEL STEP 8: Item details - id=14649001, name=Scrap Vehicle from Joe's Junkyard, destination.type=facilityParkingspot
[12:04:24] [I] materialSpawner: PARCEL STEP 10: Got cargoId=14649001
[12:04:24] [I] materialSpawner: PARCEL STEP 10a: About to track props, propIds count=1
[12:04:24] [I] materialSpawner: PARCEL STEP 11: Adding transient move to player vehicle...
[12:04:24] [I] materialSpawner: Created cargo parcel 14649001 for 1 spawned props of material scrap
[12:04:24] [I] materialSpawner: STEP 12: createCargoParcelForSpawnedProps returned: 14649001
[12:04:24] [I] materialSpawner: STEP 13: Success! Returning cargoId=14649001
[12:04:24] [I] materialSpawner: STEP 14: pcall completed, success=true
[12:04:24] [I] materialSpawner: STEP 15: Final return, cargoId=14649001
[12:04:24] [I] materialSpawner: PARCEL STEP 11a: Added transient move for cargo 14649001 to vehicle 36654, container part_us_semi_frame_front_us_semi_frame_mid_us_semi_frame_L_end_us_semi_upfit_26ft_
[12:08:54] [I] materialSpawner: Despawned props for cargo parcel 14649001
